[Bootstrap]
SetupTitle=Instalar
SetupText=Copiando archivos, espere.
CabFile=SOFTWA1.CAB
Spawn=Setup1.exe
Uninstal=st6unst.exe
TmpDir=msftqws.pdw
Cabs=7

[Bootstrap Files]
File1=@VB6STKIT.DLL,$(WinSysPathSysFile),,,7/28/98 12:00:00 AM,102912,6.0.81.69
File2=@COMCAT.DLL,$(WinSysPathSysFile),$(DLLSelfRegister),,6/1/98 12:00:00 AM,22288,4.71.1460.1
File3=@VB6ES.DLL,$(WinSysPath),,$(Shared),7/28/98 12:00:00 AM,119568,5.0.81.69
File4=@STDOLE2.TLB,$(WinSysPathSysFile),$(TLBRegister),,8/24/01 4:00:00 PM,17920,3.50.5014.0
File5=@ASYCFILT.DLL,$(WinSysPathSysFile),,,8/24/01 4:00:00 PM,77824,3.50.5014.0
File6=@OLEPRO32.DLL,$(WinSysPathSysFile),$(DLLSelfRegister),,8/24/01 4:00:00 PM,106496,5.0.5014.0
File7=@OLEAUT32.DLL,$(WinSysPathSysFile),$(DLLSelfRegister),,9/9/02 5:51:06 PM,569344,3.50.5016.0
File8=@MSVBVM60.DLL,$(WinSysPathSysFile),$(DLLSelfRegister),,8/24/01 4:00:00 PM,1388544,6.0.92.37

[IconGroups]
Group0=SOFTWARE DE TAMBO 1.0
PrivateGroup0=Falso
Parent0=$(Programs)

[SOFTWARE DE TAMBO 1.0]
Icon1="SOFTWARE_PARA_TAMBO_1.0.exe"
Title1=SOFTWARE DE TAMBO 1.0
StartIn1=$(AppPath)

[Setup]
Title=SOFTWARE DE TAMBO 1.0
DefaultDir=$(ProgramFiles)\SOFTWARE DE TAMBO 1.0
AppExe=SOFTWARE_PARA_TAMBO_1.0.exe
AppToUninstall=SOFTWARE_PARA_TAMBO_1.0.exe

[Setup1 Files]
File1=@MDAC_TYP.EXE,$(AppPath),,,8/7/98 12:00:00 AM,6477888,4.72.3110.0
File2=@MSADO20.TLB,$(WinSysPath),$(TLBRegister),$(Shared),5/5/99 10:22:00 PM,48528,0.0.0.0
File3=@MSCC2ES.DLL,$(WinSysPath),,$(Shared),7/28/98 12:00:00 AM,60928,6.0.81.63
File4=@mscomct2.ocx,$(WinSysPath),$(DLLSelfRegister),$(Shared),5/22/00 1:58:00 PM,647872,6.0.88.4
File5=@ADODCES.DLL,$(WinSysPath),,$(Shared),7/28/98 12:00:00 AM,15872,6.0.81.63
File6=@STDFTES.DLL,$(WinSysPath),,$(Shared),7/31/98 12:00:00 AM,6656,6.0.81.63
File7=@msstdfmt.dll,$(WinSysPath),$(DLLSelfRegister),$(Shared),4/5/01 2:43:20 PM,118784,6.0.88.4
File8=@MSADODC.OCX,$(WinSysPath),$(DLLSelfRegister),$(Shared),6/24/98 12:00:00 AM,118064,6.0.81.71
File9=@DATGDES.DLL,$(WinSysPath),,$(Shared),7/28/98 12:00:00 AM,30208,6.0.81.63
File10=@MSDATGRD.OCX,$(WinSysPath),$(DLLSelfRegister),$(Shared),6/24/98 12:00:00 AM,260920,6.0.81.69
File11=@MSBIND.DLL,$(WinSysPath),$(DLLSelfRegister),$(Shared),6/18/98 12:00:00 AM,77824,6.0.81.69
File12=@MSDERUN.DLL,$(CommonFiles)\designer,$(DLLSelfRegister),$(Shared),6/9/98 12:00:00 AM,137216,6.0.0.3005
File13=@SOFTWARE_PARA_TAMBO_1.0.exe,$(AppPath),,,7/9/05 1:16:46 PM,2654291,1.0.0.6

; Puede eliminar las siguientes líneas para obtener espacio adicional 
; con el fin de personalizar este archivo en un disco de instalación completa.
; 
; XXXXXXXXXXXXXXXXXXXXXXXXXXXXXXXXXXXXXXXXXXXXXXXXXXXXXXXXXXXX
; XXXXXXXXXXXXXXXXXXXXXXXXXXXXXXXXXXXXXXXXXXXXXXXXXXXXXXXXXXXX
; XXXXXXXXXXXXXXXXXXXXXXXXXXXXXXXXXXXXXXXXXXXXXXXXXXXXXXXXXXXX
; XXXXXXXXXXXXXXXXXXXXXXXXXXXXXXXXXXXXXXXXXXXXXXXXXXXXXXXXXXXX
; XXXXXXXXXXXXXXXXXXXXXXXXXXXXXXXXXXXXXXXXXXXXXXXXXXXXXXXXXXXX
; XXXXXXXXXXXXXXXXXXXXXXXXXXXXXXXXXXXXXXXXXXXXXXXXXXXXXXXXXXXX
; XXXXXXXXXXXXXXXXXXXXXXXXXXXXXXXXXXXXXXXXXXXXXXXXXXXXXXXXXXXX
; XXXXXXXXXXXXXXXXXXXXXXXXXXXXXXXXXXXXXXXXXXXXXXXXXXXXXXXXXXXX
; XXXXXXXXXXXXXXXXXXXXXXXXXXXXXXXXXXXXXXXXXXXXXXXXXXXXXXXXXXXX
; XXXXXXXXXXXXXXXXXXXXXXXXXXXXXXXXXXXXXXXXXXXXXXXXXXXXXXXXXXXX
; XXXXXXXXXXXXXXXXXXXXXXXXXXXXXXXXXXXXXXXXXXXXXXXXXXXXXXXXXXXX
; XXXXXXXXXXXXXXXXXXXXXXXXXXXXXXXXXXXXXXXXXXXXXXXXXXXXXXXXXXXX
; XXXXXXXXXXXXXXXXXXXXXXXXXXXXXXXXXXXXXXXXXXXXXXXXXXXXXXXXXXXX
; XXXXXXXXXXXXXXXXXXXXXXXXXXXXXXXXXXXXXXXXXXXXXXXXXXXXXXXXXXXX
; XXXXXXXXXXXXXXXXXXXXXXXXXXXXXXXXXXXXXXXXXXXXXXXXXXXXXXXXXXXX
; XXXXXXXXXXXXXXXXXXXXXXXXXXXXXXXXXXXXXXXXXXXXXXXXXXXXXXXXXXXX
; XXXXXXXXXXXXXXXXXXXXXXXXXXXXXXXXXXXXXXXXXXXXXXXXXXXXXXXXXXXX
; XXXXXXXXXXXXXXXXXXXXXXXXXXXXXXXXXXXXXXXXXXXXXXXXXXXXXXXXXXXX
; XXXXXXXXXXXXXXXXXXXXXXXXXXXXXXXXXXXXXXXXXXXXXXXXXXXXXXXXXXXX
; XXXXXXXXXXXXXXXXXXXXXXXXXXXXXXXXXXXXXXXXXXXXXXXXXXXXXXXXXXXX
; XXXXXXXXXXXXXXXXXXXXXXXXXXXXXXXXXXXXXXXXXXXXXXXXXXXXXXXXXXXX
; XXXXXXXXXXXXXXXXXXXXXXXXXXXXXXXXXXXXXXXXXXXXXXXXXXXXXXXXXXXX
; XXXXXXXXXXXXXXXXXXXXXXXXXXXXXXXXXXXXXXXXXXXXXXXXXXXXXXXXXXXX
; XXXXXXXXXXXXXXXXXXXXXXXXXXXXXXXXXXXXXXXXXXXXXXXXXXXXXXXXXXXX
; XXXXXXXXXXXXXXXXXXXXXXXXXXXXXXXXXXXXXXXXXXXXXXXXXXXXXXXXXXXX
; XXXXXXXXXXXXXXXXXXXXXXXXXXXXXXXXXXXXXXXXXXXXXXXXXXXXXXXXXXXX
; XXXXXXXXXXXXXXXXXXXXXXXXXXXXXXXXXXXXXXXXXXXXXXXXXXXXXXXXXXXX
; XXXXXXXXXXXXXXXXXXXXXXXXXXXXXXXXXXXXXXXXXXXXXXXXXXXXXXXXXXXX
; XXXXXXXXXXXXXXXXXXXXXXXXXXXXXXXXXXXXXXXXXXXXXXXXXXXXXXXXXXXX
; XXXXXXXXXXXXXXXXXXXXXXXXXXXXXXXXXXXXXXXXXXXXXXXXXXXXXXXXXXXX
; XXXXXXXXXXXXXXXXXXXXXXXXXXXXXXXXXXXXXXXXXXXXXXXXXXXXXXXXXXXX
; XXXXXXXXXXXXXXXXXXXXXXXXXXXXXXXXXXXXXXXXXXXXXXXXXXXXXXXXXXXX
; XXXXXXXXXXXXXXXXXXXXXXXXXXXXXXXXXXXXXXXXXXXXXXXXXXXXXXXXXXXX
; XXXXXXXXXXXXXXXXXXXXXXXXXXXXXXXXXXXXXXXXXXXXXXXXXXXXXXXXXXXX
; XXXXXXXXXXXXXXXXXXXXXXXXXXXXXXXXXXXXXXXXXXXXXXXXXXXXXXXXXXXX
